TN:
SF:src/playground/layoutManager.ts
FN:10,getLayoutBySchemaId
FN:22,generateLayout
FN:38,(anonymous_2)
FN:47,(anonymous_3)
FN:72,generateTemplateWithLayout
FN:112,saveLayout
FN:127,listLayouts
FN:128,(anonymous_7)
FNF:8
FNH:4
FNDA:4,getLayoutBySchemaId
FNDA:3,generateLayout
FNDA:0,(anonymous_2)
FNDA:0,(anonymous_3)
FNDA:7,generateTemplateWithLayout
FNDA:1,saveLayout
FNDA:0,listLayouts
FNDA:0,(anonymous_7)
DA:1,1
DA:2,1
DA:3,1
DA:10,1
DA:11,4
DA:12,4
DA:14,0
DA:22,1
DA:23,3
DA:25,3
DA:28,3
DA:33,3
DA:34,0
DA:37,3
DA:38,0
DA:46,3
DA:47,0
DA:55,3
DA:58,0
DA:59,0
DA:72,1
DA:73,7
DA:75,7
DA:81,7
DA:83,7
DA:86,7
DA:87,6
DA:102,1
DA:112,1
DA:113,1
DA:115,1
DA:116,1
DA:118,0
DA:119,0
DA:127,1
DA:128,0
LF:36
LH:27
BRDA:11,0,0,4
BRDA:12,1,0,4
BRDA:12,1,1,0
BRDA:29,2,0,3
BRDA:29,2,1,0
BRDA:30,3,0,3
BRDA:30,3,1,0
BRDA:30,4,0,0
BRDA:30,4,1,0
BRDA:33,5,0,0
BRDA:37,6,0,0
BRDA:41,7,0,0
BRDA:41,7,1,0
BRDA:42,8,0,0
BRDA:42,8,1,0
BRDA:46,9,0,0
BRDA:50,10,0,0
BRDA:50,10,1,0
BRDA:51,11,0,0
BRDA:51,11,1,0
BRDA:61,12,0,0
BRDA:61,12,1,0
BRDA:86,13,0,6
BRDA:88,14,0,6
BRDA:88,14,1,0
BRF:25
BRH:6
end_of_record
TN:
SF:src/playground/layoutSpecs.ts
FNF:0
FNH:0
DA:30,1
DA:35,1
DA:44,1
DA:64,1
DA:70,1
DA:102,1
LF:6
LH:6
BRF:0
BRH:0
end_of_record
TN:
SF:src/playground/playgroundFunctions.ts
FN:16,renderPlayground
FN:38,loadSchemaById
FN:66,loadSchema
FN:74,loadLayout
FN:83,updateLayout
FN:120,handleUserInput
FN:143,submitForm
FN:158,saveSchema
FN:180,saveCurrentLayout
FN:193,selectTestCase
FN:203,getCurrentTemplate
FN:211,listAvailableSchemas
FNF:12
FNH:12
FNDA:1,renderPlayground
FNDA:3,loadSchemaById
FNDA:1,loadSchema
FNDA:2,loadLayout
FNDA:2,updateLayout
FNDA:1,handleUserInput
FNDA:1,submitForm
FNDA:1,saveSchema
FNDA:1,saveCurrentLayout
FNDA:1,selectTestCase
FNDA:1,getCurrentTemplate
FNDA:1,listAvailableSchemas
DA:1,1
DA:2,1
DA:6,1
DA:7,1
DA:8,1
DA:9,1
DA:10,1
DA:16,1
DA:17,1
DA:19,1
DA:22,1
DA:23,1
DA:26,1
DA:28,0
DA:29,0
DA:38,1
DA:39,3
DA:40,3
DA:41,3
DA:42,0
DA:45,3
DA:46,3
DA:49,3
DA:50,3
DA:53,3
DA:55,3
DA:57,0
DA:58,0
DA:66,1
DA:67,1
DA:74,1
DA:75,2
DA:83,1
DA:84,2
DA:87,2
DA:89,1
DA:90,1
DA:92,1
DA:94,0
DA:98,2
DA:101,2
DA:102,2
DA:105,2
DA:107,0
DA:108,0
DA:120,1
DA:121,1
DA:123,1
DA:124,1
DA:125,1
DA:128,0
DA:131,1
DA:133,0
DA:134,0
DA:143,1
DA:144,1
DA:145,1
DA:146,1
DA:148,0
DA:149,0
DA:158,1
DA:159,1
DA:161,1
DA:164,1
DA:165,1
DA:166,1
DA:169,1
DA:171,0
DA:172,0
DA:180,1
DA:181,1
DA:182,0
DA:185,1
DA:193,1
DA:195,1
DA:196,1
DA:203,1
DA:204,1
DA:211,1
DA:212,1
LF:80
LH:64
BRDA:22,0,0,1
BRDA:41,1,0,0
BRDA:50,2,0,3
BRDA:50,2,1,0
BRDA:87,3,0,1
BRDA:87,3,1,1
BRDA:87,4,0,2
BRDA:87,4,1,1
BRDA:87,4,2,1
BRDA:90,5,0,1
BRDA:90,5,1,0
BRDA:90,6,0,1
BRDA:90,6,1,1
BRDA:101,7,0,2
BRDA:164,8,0,1
BRDA:181,9,0,0
BRDA:181,10,0,1
BRDA:181,10,1,1
BRF:18
BRH:14
end_of_record
TN:
SF:src/playground/schemaManager.ts
FN:13,getSchemaById
FN:14,(anonymous_1)
FN:18,listSchemas
FN:19,(anonymous_3)
FNF:4
FNH:4
FNDA:4,getSchemaById
FNDA:4,(anonymous_1)
FNDA:2,listSchemas
FNDA:10,(anonymous_3)
DA:1,1
DA:4,1
DA:13,1
DA:14,4
DA:18,1
DA:19,10
LF:6
LH:6
BRDA:21,0,0,6
BRDA:21,0,1,4
BRF:2
BRH:2
end_of_record
TN:
SF:src/playground/schemas.ts
FNF:0
FNH:0
DA:1,1
DA:21,1
DA:44,1
DA:73,1
DA:121,1
DA:184,1
LF:6
LH:6
BRF:0
BRH:0
end_of_record
TN:
SF:src/playground/server.ts
FN:19,(anonymous_1)
FN:23,(anonymous_2)
FN:33,(anonymous_3)
FN:52,(anonymous_4)
FN:64,(anonymous_5)
FN:86,(anonymous_6)
FN:103,(anonymous_7)
FN:126,(anonymous_8)
FN:134,startServer
FN:135,(anonymous_10)
FNF:10
FNH:4
FNDA:1,(anonymous_1)
FNDA:1,(anonymous_2)
FNDA:0,(anonymous_3)
FNDA:0,(anonymous_4)
FNDA:0,(anonymous_5)
FNDA:1,(anonymous_6)
FNDA:1,(anonymous_7)
FNDA:0,(anonymous_8)
FNDA:0,startServer
FNDA:0,(anonymous_10)
DA:1,1
DA:2,1
DA:3,1
DA:4,1
DA:6,1
DA:7,1
DA:11,1
DA:14,1
DA:15,1
DA:16,1
DA:19,1
DA:20,1
DA:23,1
DA:24,1
DA:25,1
DA:26,0
DA:27,0
DA:30,1
DA:33,1
DA:34,0
DA:35,0
DA:36,0
DA:37,0
DA:38,0
DA:43,0
DA:45,0
DA:47,0
DA:48,0
DA:52,1
DA:55,0
DA:56,0
DA:57,0
DA:58,0
DA:61,0
DA:64,1
DA:65,0
DA:66,0
DA:67,0
DA:68,0
DA:69,0
DA:72,0
DA:74,0
DA:75,0
DA:76,0
DA:79,0
DA:81,0
DA:82,0
DA:86,1
DA:87,1
DA:88,1
DA:89,1
DA:90,0
DA:91,0
DA:94,1
DA:96,1
DA:98,0
DA:99,0
DA:103,1
DA:104,1
DA:105,1
DA:106,1
DA:107,0
DA:108,0
DA:111,1
DA:112,0
DA:113,0
DA:116,1
DA:118,1
DA:120,0
DA:121,0
DA:126,1
DA:127,0
DA:131,1
DA:134,1
DA:135,0
DA:136,0
DA:137,0
DA:142,1
DA:143,0
LF:79
LH:36
BRDA:25,0,0,0
BRDA:36,1,0,0
BRDA:56,2,0,0
BRDA:67,3,0,0
BRDA:74,4,0,0
BRDA:89,5,0,0
BRDA:106,6,0,0
BRDA:111,7,0,0
BRDA:134,8,0,0
BRDA:142,9,0,0
BRF:10
BRH:0
end_of_record
TN:
SF:src/template-generator/lib/generator.ts
FN:15,loadTemplateAsync
FN:40,loadTemplate
FN:65,getFallbackTemplate
FN:98,assignLayoutStrategy
FN:124,(anonymous_14)
FN:133,dbgDumpLayout
FN:142,(anonymous_16)
FN:157,(anonymous_17)
FN:160,(anonymous_18)
FN:172,validateSchema
FN:197,(anonymous_20)
FN:207,(anonymous_21)
FN:209,(anonymous_22)
FN:220,generateTemplateAsync
FN:237,(anonymous_24)
FN:309,generateNodeHTMLAsync
FN:329,generateObjectHTMLAsync
FN:363,(anonymous_27)
FN:422,generateArrayHTMLAsync
FN:439,generateStringHTMLAsync
FN:477,generateNumberHTMLAsync
FN:497,generateBooleanHTMLAsync
FN:510,generateConditionalsHTMLAsync
FN:513,(anonymous_33)
FN:519,(anonymous_34)
FN:538,generateNodeHTML
FN:558,generateObjectHTML
FN:576,(anonymous_37)
FN:607,generateArrayHTML
FN:624,generateStringHTML
FN:662,generateNumberHTML
FN:682,generateBooleanHTML
FN:695,generateConditionalsHTML
FN:698,(anonymous_43)
FN:704,(anonymous_44)
FNF:35
FNH:1
FNDA:0,loadTemplateAsync
FNDA:0,loadTemplate
FNDA:0,getFallbackTemplate
FNDA:0,assignLayoutStrategy
FNDA:0,(anonymous_14)
FNDA:0,dbgDumpLayout
FNDA:0,(anonymous_16)
FNDA:0,(anonymous_17)
FNDA:0,(anonymous_18)
FNDA:0,validateSchema
FNDA:0,(anonymous_20)
FNDA:0,(anonymous_21)
FNDA:0,(anonymous_22)
FNDA:7,generateTemplateAsync
FNDA:0,(anonymous_24)
FNDA:0,generateNodeHTMLAsync
FNDA:0,generateObjectHTMLAsync
FNDA:0,(anonymous_27)
FNDA:0,generateArrayHTMLAsync
FNDA:0,generateStringHTMLAsync
FNDA:0,generateNumberHTMLAsync
FNDA:0,generateBooleanHTMLAsync
FNDA:0,generateConditionalsHTMLAsync
FNDA:0,(anonymous_33)
FNDA:0,(anonymous_34)
FNDA:0,generateNodeHTML
FNDA:0,generateObjectHTML
FNDA:0,(anonymous_37)
FNDA:0,generateArrayHTML
FNDA:0,generateStringHTML
FNDA:0,generateNumberHTML
FNDA:0,generateBooleanHTML
FNDA:0,generateConditionalsHTML
FNDA:0,(anonymous_43)
FNDA:0,(anonymous_44)
DA:1,1
DA:2,1
DA:3,1
DA:4,1
DA:9,1
DA:12,1
DA:15,1
DA:16,0
DA:17,0
DA:20,0
DA:21,0
DA:23,0
DA:24,0
DA:27,0
DA:28,0
DA:29,0
DA:31,0
DA:33,0
DA:34,0
DA:35,0
DA:40,1
DA:41,0
DA:42,0
DA:45,0
DA:46,0
DA:48,0
DA:49,0
DA:52,0
DA:53,0
DA:54,0
DA:56,0
DA:58,0
DA:59,0
DA:60,0
DA:66,0
DA:67,0
DA:68,0
DA:69,0
DA:70,0
DA:71,0
DA:72,0
DA:73,0
DA:74,0
DA:75,0
DA:77,0
DA:99,0
DA:101,0
DA:102,0
DA:104,0
DA:107,0
DA:108,0
DA:109,0
DA:110,0
DA:111,0
DA:112,0
DA:113,0
DA:114,0
DA:115,0
DA:116,0
DA:118,0
DA:123,0
DA:124,0
DA:126,0
DA:128,0
DA:134,0
DA:135,0
DA:137,0
DA:140,0
DA:141,0
DA:142,0
DA:143,0
DA:144,0
DA:147,0
DA:150,0
DA:151,0
DA:152,0
DA:155,0
DA:156,0
DA:157,0
DA:158,0
DA:159,0
DA:160,0
DA:161,0
DA:162,0
DA:165,0
DA:174,0
DA:175,0
DA:178,0
DA:179,0
DA:182,0
DA:183,0
DA:187,0
DA:188,0
DA:191,0
DA:192,0
DA:196,0
DA:197,0
DA:198,0
DA:202,0
DA:203,0
DA:206,0
DA:207,0
DA:208,0
DA:209,0
DA:210,0
DA:213,0
DA:220,1
DA:221,7
DA:222,7
DA:225,7
DA:226,7
DA:230,0
DA:233,0
DA:237,0
DA:239,0
DA:240,0
DA:241,0
DA:245,7
DA:246,6
DA:250,0
DA:251,0
DA:252,0
DA:253,0
DA:255,0
DA:256,0
DA:260,0
DA:261,0
DA:262,0
DA:265,0
DA:266,0
DA:267,0
DA:269,0
DA:270,0
DA:274,0
DA:275,0
DA:277,0
DA:278,0
DA:279,0
DA:282,0
DA:285,0
DA:288,0
DA:289,0
DA:293,0
DA:300,0
DA:301,0
DA:304,0
DA:305,0
DA:311,0
DA:313,0
DA:315,0
DA:317,0
DA:320,0
DA:322,0
DA:324,0
DA:331,0
DA:332,0
DA:335,0
DA:336,0
DA:339,0
DA:340,0
DA:341,0
DA:342,0
DA:343,0
DA:344,0
DA:345,0
DA:346,0
DA:347,0
DA:350,0
DA:351,0
DA:352,0
DA:354,0
DA:355,0
DA:358,0
DA:360,0
DA:361,0
DA:362,0
DA:364,0
DA:365,0
DA:367,0
DA:368,0
DA:371,0
DA:373,0
DA:383,0
DA:384,0
DA:385,0
DA:386,0
DA:388,0
DA:389,0
DA:392,0
DA:396,0
DA:400,0
DA:401,0
DA:409,0
DA:410,0
DA:413,0
DA:414,0
DA:416,0
DA:417,0
DA:423,0
DA:426,0
DA:430,0
DA:441,0
DA:442,0
DA:443,0
DA:444,0
DA:445,0
DA:447,0
DA:451,0
DA:452,0
DA:453,0
DA:454,0
DA:455,0
DA:456,0
DA:459,0
DA:461,0
DA:478,0
DA:481,0
DA:483,0
DA:498,0
DA:500,0
DA:511,0
DA:513,0
DA:516,0
DA:518,0
DA:519,0
DA:520,0
DA:521,0
DA:524,0
DA:527,0
DA:533,0
DA:534,0
DA:540,0
DA:542,0
DA:544,0
DA:546,0
DA:549,0
DA:551,0
DA:553,0
DA:559,0
DA:560,0
DA:561,0
DA:562,0
DA:563,0
DA:564,0
DA:565,0
DA:566,0
DA:567,0
DA:570,0
DA:572,0
DA:574,0
DA:575,0
DA:577,0
DA:578,0
DA:580,0
DA:593,0
DA:597,0
DA:608,0
DA:611,0
DA:615,0
DA:626,0
DA:627,0
DA:628,0
DA:629,0
DA:630,0
DA:632,0
DA:636,0
DA:637,0
DA:638,0
DA:639,0
DA:640,0
DA:641,0
DA:644,0
DA:646,0
DA:663,0
DA:666,0
DA:668,0
DA:683,0
DA:685,0
DA:696,0
DA:698,0
DA:701,0
DA:703,0
DA:704,0
DA:708,0
DA:711,0
LF:285
LH:15
BRDA:16,0,0,0
BRDA:21,1,0,0
BRDA:41,2,0,0
BRDA:46,3,0,0
BRDA:66,4,0,0
BRDA:66,4,1,0
BRDA:68,5,0,0
BRDA:68,5,1,0
BRDA:70,6,0,0
BRDA:70,6,1,0
BRDA:72,7,0,0
BRDA:72,7,1,0
BRDA:74,8,0,0
BRDA:74,8,1,0
BRDA:98,9,0,0
BRDA:99,10,0,0
BRDA:99,10,1,0
BRDA:101,11,0,0
BRDA:101,11,1,0
BRDA:104,12,0,0
BRDA:104,12,1,0
BRDA:107,13,0,0
BRDA:107,13,1,0
BRDA:108,14,0,0
BRDA:108,14,1,0
BRDA:109,15,0,0
BRDA:109,15,1,0
BRDA:111,16,0,0
BRDA:111,16,1,0
BRDA:113,17,0,0
BRDA:113,17,1,0
BRDA:115,18,0,0
BRDA:115,18,1,0
BRDA:123,19,0,0
BRDA:126,20,0,0
BRDA:126,21,0,0
BRDA:126,21,1,0
BRDA:133,22,0,0
BRDA:135,23,0,0
BRDA:135,23,1,0
BRDA:140,24,0,0
BRDA:140,24,1,0
BRDA:150,25,0,0
BRDA:155,26,0,0
BRDA:159,27,0,0
BRDA:159,27,1,0
BRDA:172,28,0,0
BRDA:174,29,0,0
BRDA:178,30,0,0
BRDA:182,31,0,0
BRDA:187,32,0,0
BRDA:187,33,0,0
BRDA:187,33,1,0
BRDA:191,34,0,0
BRDA:191,35,0,0
BRDA:191,35,1,0
BRDA:196,36,0,0
BRDA:202,37,0,0
BRDA:206,38,0,0
BRDA:208,39,0,0
BRDA:208,39,1,0
BRDA:239,40,0,0
BRDA:255,41,0,0
BRDA:255,41,1,0
BRDA:255,42,0,0
BRDA:255,42,1,0
BRDA:269,43,0,0
BRDA:277,44,0,0
BRDA:285,45,0,0
BRDA:285,45,1,0
BRDA:285,45,2,0
BRDA:285,45,3,0
BRDA:288,46,0,0
BRDA:296,47,0,0
BRDA:296,47,1,0
BRDA:300,48,0,0
BRDA:311,49,0,0
BRDA:311,49,1,0
BRDA:311,49,2,0
BRDA:311,49,3,0
BRDA:311,49,4,0
BRDA:311,49,5,0
BRDA:311,49,6,0
BRDA:331,50,0,0
BRDA:335,51,0,0
BRDA:340,52,0,0
BRDA:340,52,1,0
BRDA:342,53,0,0
BRDA:342,53,1,0
BRDA:344,54,0,0
BRDA:344,54,1,0
BRDA:346,55,0,0
BRDA:354,56,0,0
BRDA:360,57,0,0
BRDA:360,57,1,0
BRDA:367,58,0,0
BRDA:376,59,0,0
BRDA:376,59,1,0
BRDA:377,60,0,0
BRDA:377,60,1,0
BRDA:396,61,0,0
BRDA:396,61,1,0
BRDA:403,62,0,0
BRDA:403,62,1,0
BRDA:404,63,0,0
BRDA:404,63,1,0
BRDA:409,64,0,0
BRDA:426,65,0,0
BRDA:426,65,1,0
BRDA:432,66,0,0
BRDA:432,66,1,0
BRDA:433,67,0,0
BRDA:433,67,1,0
BRDA:442,68,0,0
BRDA:442,68,1,0
BRDA:442,69,0,0
BRDA:442,69,1,0
BRDA:444,70,0,0
BRDA:444,70,1,0
BRDA:444,71,0,0
BRDA:444,71,1,0
BRDA:449,72,0,0
BRDA:449,72,1,0
BRDA:451,73,0,0
BRDA:451,73,1,0
BRDA:453,74,0,0
BRDA:453,74,1,0
BRDA:455,75,0,0
BRDA:455,76,0,0
BRDA:455,76,1,0
BRDA:455,76,2,0
BRDA:463,77,0,0
BRDA:463,77,1,0
BRDA:464,78,0,0
BRDA:464,78,1,0
BRDA:481,79,0,0
BRDA:481,79,1,0
BRDA:485,80,0,0
BRDA:485,80,1,0
BRDA:486,81,0,0
BRDA:486,81,1,0
BRDA:502,82,0,0
BRDA:502,82,1,0
BRDA:503,83,0,0
BRDA:503,83,1,0
BRDA:516,84,0,0
BRDA:516,84,1,0
BRDA:540,85,0,0
BRDA:540,85,1,0
BRDA:540,85,2,0
BRDA:540,85,3,0
BRDA:540,85,4,0
BRDA:540,85,5,0
BRDA:540,85,6,0
BRDA:560,86,0,0
BRDA:560,86,1,0
BRDA:562,87,0,0
BRDA:562,87,1,0
BRDA:564,88,0,0
BRDA:564,88,1,0
BRDA:566,89,0,0
BRDA:574,90,0,0
BRDA:583,91,0,0
BRDA:583,91,1,0
BRDA:584,92,0,0
BRDA:584,92,1,0
BRDA:593,93,0,0
BRDA:593,93,1,0
BRDA:599,94,0,0
BRDA:599,94,1,0
BRDA:600,95,0,0
BRDA:600,95,1,0
BRDA:611,96,0,0
BRDA:611,96,1,0
BRDA:617,97,0,0
BRDA:617,97,1,0
BRDA:618,98,0,0
BRDA:618,98,1,0
BRDA:627,99,0,0
BRDA:627,99,1,0
BRDA:627,100,0,0
BRDA:627,100,1,0
BRDA:629,101,0,0
BRDA:629,101,1,0
BRDA:629,102,0,0
BRDA:629,102,1,0
BRDA:634,103,0,0
BRDA:634,103,1,0
BRDA:636,104,0,0
BRDA:636,104,1,0
BRDA:638,105,0,0
BRDA:638,105,1,0
BRDA:640,106,0,0
BRDA:640,107,0,0
BRDA:640,107,1,0
BRDA:640,107,2,0
BRDA:648,108,0,0
BRDA:648,108,1,0
BRDA:649,109,0,0
BRDA:649,109,1,0
BRDA:666,110,0,0
BRDA:666,110,1,0
BRDA:670,111,0,0
BRDA:670,111,1,0
BRDA:671,112,0,0
BRDA:671,112,1,0
BRDA:687,113,0,0
BRDA:687,113,1,0
BRDA:688,114,0,0
BRDA:688,114,1,0
BRDA:701,115,0,0
BRDA:701,115,1,0
BRF:212
BRH:0
end_of_record
TN:
SF:src/template-generator/lib/schema-parser.ts
FN:39,parseSchema
FN:92,(anonymous_1)
FN:101,(anonymous_2)
FN:110,(anonymous_3)
FN:132,(anonymous_4)
FN:150,generateId
FNF:6
FNH:3
FNDA:165,parseSchema
FNDA:0,(anonymous_1)
FNDA:0,(anonymous_2)
FNDA:0,(anonymous_3)
FNDA:84,(anonymous_4)
FNDA:165,generateId
DA:39,2
DA:41,165
DA:44,165
DA:49,165
DA:66,165
DA:68,165
DA:69,0
DA:70,0
DA:75,0
DA:81,0
DA:82,0
DA:89,165
DA:90,0
DA:93,0
DA:98,165
DA:99,0
DA:102,0
DA:107,165
DA:108,0
DA:111,0
DA:116,165
DA:117,0
DA:123,165
DA:124,0
DA:128,165
DA:129,52
DA:130,52
DA:132,52
DA:133,84
DA:142,165
DA:143,2
DA:146,165
DA:151,165
LF:33
LH:20
BRDA:39,0,0,79
BRDA:39,1,0,79
BRDA:44,2,0,26
BRDA:44,2,1,139
BRDA:45,3,0,26
BRDA:45,3,1,0
BRDA:51,4,0,165
BRDA:51,4,1,0
BRDA:68,5,0,0
BRDA:68,6,0,165
BRDA:68,6,1,0
BRDA:68,6,2,0
BRDA:69,7,0,0
BRDA:81,8,0,0
BRDA:89,9,0,0
BRDA:98,10,0,0
BRDA:107,11,0,0
BRDA:116,12,0,0
BRDA:123,13,0,0
BRDA:128,14,0,52
BRDA:128,15,0,165
BRDA:128,15,1,62
BRDA:130,16,0,52
BRDA:130,16,1,34
BRDA:135,17,0,24
BRDA:135,17,1,60
BRDA:142,18,0,2
BRDA:142,19,0,165
BRDA:142,19,1,2
BRDA:151,20,0,86
BRDA:151,20,1,79
BRF:31
BRH:19
end_of_record
TN:
SF:src/template-generator/lib/layout-spec/layout-apply.ts
FN:13,applyLayoutSpec
FNF:1
FNH:1
FNDA:13,applyLayoutSpec
DA:3,1
DA:13,1
DA:19,13
DA:21,13
DA:24,3
DA:28,10
DA:31,10
DA:32,9
DA:33,1
DA:35,1
DA:39,10
DA:40,3
DA:44,10
DA:46,2
DA:49,2
DA:50,4
DA:51,4
DA:56,2
DA:57,4
DA:58,0
DA:62,2
DA:66,10
DA:67,10
DA:68,11
DA:69,4
DA:80,10
DA:81,0
DA:84,10
LF:28
LH:26
BRDA:16,0,0,9
BRDA:24,1,0,3
BRDA:24,1,1,0
BRDA:31,2,0,9
BRDA:31,2,1,1
BRDA:33,3,0,1
BRDA:39,4,0,3
BRDA:44,5,0,2
BRDA:44,6,0,10
BRDA:44,6,1,10
BRDA:44,6,2,10
BRDA:50,7,0,4
BRDA:57,8,0,0
BRDA:66,9,0,10
BRDA:66,10,0,10
BRDA:66,10,1,10
BRDA:68,11,0,4
BRDA:68,12,0,11
BRDA:68,12,1,4
BRDA:80,13,0,0
BRDA:80,14,0,10
BRDA:80,14,1,0
BRDA:80,14,2,0
BRF:23
BRH:18
end_of_record
TN:
SF:src/template-generator/lib/layout-spec/layout-generator.ts
FN:11,generateLayoutSpec
FN:57,processLayoutOptions
FN:104,processConditionals
FN:105,(anonymous_3)
FN:119,(anonymous_4)
FN:136,determineLayoutType
FN:172,(anonymous_6)
FNF:7
FNH:2
FNDA:79,generateLayoutSpec
FNDA:0,processLayoutOptions
FNDA:0,processConditionals
FNDA:0,(anonymous_3)
FNDA:0,(anonymous_4)
FNDA:79,determineLayoutType
FNDA:0,(anonymous_6)
DA:1,2
DA:11,2
DA:13,79
DA:16,79
DA:22,79
DA:23,0
DA:27,79
DA:28,0
DA:32,79
DA:33,33
DA:34,60
DA:39,79
DA:40,1
DA:44,79
DA:45,0
DA:48,79
DA:59,0
DA:62,0
DA:63,0
DA:66,0
DA:67,0
DA:70,0
DA:71,0
DA:73,0
DA:78,0
DA:79,0
DA:81,0
DA:85,0
DA:86,0
DA:88,0
DA:89,0
DA:91,0
DA:95,0
DA:105,0
DA:106,0
DA:111,0
DA:113,0
DA:114,0
DA:116,0
DA:118,0
DA:119,0
DA:120,0
DA:125,0
DA:138,79
DA:139,0
DA:143,79
DA:144,38
DA:149,38
DA:150,1
DA:154,37
DA:155,0
DA:159,37
DA:160,0
DA:164,37
DA:165,0
DA:169,37
DA:171,0
DA:172,0
DA:174,0
DA:175,0
DA:177,0
DA:181,37
DA:182,1
DA:187,77
LF:64
LH:25
BRDA:11,0,0,19
BRDA:18,1,0,33
BRDA:18,1,1,46
BRDA:22,2,0,0
BRDA:27,3,0,0
BRDA:32,4,0,33
BRDA:39,5,0,1
BRDA:39,6,0,79
BRDA:39,6,1,1
BRDA:44,7,0,0
BRDA:44,8,0,79
BRDA:44,8,1,0
BRDA:44,8,2,0
BRDA:62,9,0,0
BRDA:63,10,0,0
BRDA:63,10,1,0
BRDA:63,10,2,0
BRDA:63,10,3,0
BRDA:66,11,0,0
BRDA:70,12,0,0
BRDA:78,13,0,0
BRDA:79,14,0,0
BRDA:79,14,1,0
BRDA:85,15,0,0
BRDA:88,16,0,0
BRDA:111,17,0,0
BRDA:111,17,1,0
BRDA:111,18,0,0
BRDA:111,18,1,0
BRDA:111,18,2,0
BRDA:113,19,0,0
BRDA:116,20,0,0
BRDA:116,21,0,0
BRDA:116,21,1,0
BRDA:116,21,2,0
BRDA:118,22,0,0
BRDA:136,23,0,0
BRDA:138,24,0,0
BRDA:143,25,0,38
BRDA:144,26,0,33
BRDA:144,26,1,5
BRDA:149,27,0,1
BRDA:150,28,0,0
BRDA:150,28,1,1
BRDA:154,29,0,0
BRDA:159,30,0,0
BRDA:164,31,0,0
BRDA:169,32,0,0
BRDA:171,33,0,0
BRDA:171,33,1,0
BRDA:174,34,0,0
BRDA:181,35,0,1
BRF:52
BRH:14
end_of_record
TN:
SF:src/template-generator/lib/layout-spec/layout-parser.ts
FN:9,parseLayoutSpec
FN:23,validateLayoutSpec
FN:96,isValidLayoutType
FN:106,validateLayoutOptions
FNF:4
FNH:4
FNDA:2,parseLayoutSpec
FNDA:46,validateLayoutSpec
FNDA:44,isValidLayoutType
FNDA:5,validateLayoutOptions
DA:9,2
DA:12,2
DA:23,2
DA:30,46
DA:31,2
DA:35,44
DA:37,42
DA:38,2
DA:42,40
DA:43,2
DA:47,38
DA:48,2
DA:52,36
DA:53,1
DA:58,37
DA:59,5
DA:63,36
DA:64,2
DA:65,4
DA:66,0
DA:72,36
DA:73,35
DA:75,63
DA:76,40
DA:80,23
DA:82,23
DA:83,23
DA:84,23
DA:97,44
DA:108,5
DA:109,0
DA:113,5
DA:114,2
DA:115,1
LF:34
LH:32
BRDA:26,0,0,10
BRDA:30,1,0,2
BRDA:30,2,0,46
BRDA:30,2,1,44
BRDA:35,3,0,42
BRDA:37,4,0,2
BRDA:37,5,0,42
BRDA:37,5,1,7
BRDA:42,6,0,2
BRDA:42,7,0,40
BRDA:42,7,1,2
BRDA:47,8,0,2
BRDA:47,9,0,38
BRDA:47,9,1,5
BRDA:52,10,0,1
BRDA:52,11,0,36
BRDA:52,11,1,5
BRDA:58,12,0,5
BRDA:63,13,0,2
BRDA:63,14,0,36
BRDA:63,14,1,2
BRDA:65,15,0,0
BRDA:72,16,0,35
BRDA:75,17,0,40
BRDA:80,18,0,23
BRDA:83,19,0,23
BRDA:83,20,0,23
BRDA:83,20,1,23
BRDA:108,21,0,0
BRDA:108,22,0,5
BRDA:108,22,1,3
BRDA:113,23,0,2
BRDA:113,24,0,5
BRDA:113,24,1,3
BRDA:114,25,0,1
BRDA:114,26,0,2
BRDA:114,26,1,2
BRF:37
BRH:35
end_of_record
TN:
SF:src/template-generator/runtime/array-table-renderer.js
FN:10,(anonymous_0)
FN:23,(anonymous_1)
FN:53,(anonymous_2)
FN:59,(anonymous_3)
FN:67,(anonymous_4)
FN:98,(anonymous_5)
FN:119,(anonymous_6)
FN:133,(anonymous_7)
FN:138,(anonymous_8)
FN:152,(anonymous_9)
FN:163,(anonymous_10)
FN:171,(anonymous_11)
FN:177,(anonymous_12)
FN:205,(anonymous_13)
FNF:14
FNH:13
FNDA:10,(anonymous_0)
FNDA:6,(anonymous_1)
FNDA:7,(anonymous_2)
FNDA:39,(anonymous_3)
FNDA:26,(anonymous_4)
FNDA:15,(anonymous_5)
FNDA:1,(anonymous_6)
FNDA:2,(anonymous_7)
FNDA:0,(anonymous_8)
FNDA:4,(anonymous_9)
FNDA:12,(anonymous_10)
FNDA:5,(anonymous_11)
FNDA:26,(anonymous_12)
FNDA:5,(anonymous_13)
DA:5,2
DA:6,2
DA:7,2
DA:12,10
DA:13,10
DA:24,6
DA:25,0
DA:28,6
DA:31,6
DA:32,0
DA:36,6
DA:45,6
DA:54,7
DA:55,7
DA:56,7
DA:59,7
DA:60,39
DA:63,39
DA:64,7
DA:67,7
DA:68,26
DA:78,32
DA:81,32
DA:82,30
DA:85,30
DA:86,30
DA:87,30
DA:88,30
DA:89,30
DA:92,30
DA:93,30
DA:96,30
DA:97,5
DA:98,5
DA:99,15
DA:100,15
DA:103,2
DA:105,2
DA:109,39
DA:120,1
DA:121,0
DA:125,1
DA:131,1
DA:133,1
DA:134,2
DA:136,0
DA:138,0
DA:139,0
DA:143,1
DA:153,4
DA:154,0
DA:157,4
DA:158,4
DA:159,0
DA:163,4
DA:164,12
DA:169,4
DA:171,2
DA:172,5
DA:175,5
DA:177,5
DA:178,26
DA:179,26
DA:181,26
DA:183,26
DA:185,26
DA:189,26
DA:190,5
DA:191,21
DA:192,5
DA:194,16
DA:197,26
DA:201,5
DA:203,2
DA:205,2
DA:206,5
DA:207,5
DA:208,5
DA:212,0
DA:216,2
LF:80
LH:71
BRDA:23,0,0,6
BRDA:24,1,0,0
BRDA:24,1,1,6
BRDA:24,2,0,6
BRDA:24,2,1,6
BRDA:28,3,0,6
BRDA:28,3,1,0
BRDA:31,4,0,0
BRDA:31,4,1,6
BRDA:31,5,0,6
BRDA:31,5,1,6
BRDA:38,6,0,6
BRDA:38,6,1,6
BRDA:40,7,0,6
BRDA:40,7,1,0
BRDA:41,8,0,6
BRDA:41,8,1,0
BRDA:54,9,0,7
BRDA:54,9,1,0
BRDA:55,10,0,7
BRDA:55,10,1,0
BRDA:56,11,0,7
BRDA:56,11,1,0
BRDA:63,12,0,7
BRDA:63,12,1,32
BRDA:81,13,0,30
BRDA:81,13,1,2
BRDA:81,14,0,32
BRDA:81,14,1,30
BRDA:86,15,0,30
BRDA:86,15,1,30
BRDA:96,16,0,5
BRDA:96,16,1,25
BRDA:99,17,0,15
BRDA:99,17,1,0
BRDA:103,18,0,2
BRDA:103,18,1,0
BRDA:103,19,0,2
BRDA:103,19,1,2
BRDA:120,20,0,0
BRDA:120,20,1,1
BRDA:120,21,0,1
BRDA:120,21,1,1
BRDA:131,22,0,1
BRDA:131,22,1,0
BRDA:136,23,0,0
BRDA:136,23,1,0
BRDA:153,24,0,0
BRDA:153,24,1,4
BRDA:153,25,0,4
BRDA:153,25,1,4
BRDA:158,26,0,0
BRDA:158,26,1,4
BRDA:164,27,0,12
BRDA:164,27,1,10
BRDA:169,28,0,2
BRDA:169,28,1,2
BRDA:179,29,0,0
BRDA:179,29,1,26
BRDA:183,30,0,26
BRDA:183,30,1,0
BRDA:189,31,0,5
BRDA:189,31,1,21
BRDA:191,32,0,5
BRDA:191,32,1,16
BRDA:191,33,0,21
BRDA:191,33,1,21
BRDA:192,34,0,5
BRDA:192,34,1,0
BRDA:203,35,0,2
BRDA:203,35,1,0
BRDA:208,36,0,5
BRDA:208,36,1,0
BRF:73
BRH:52
end_of_record
TN:
SF:src/template-generator/tests/runtime/schema-form-mock.js
FN:9,(anonymous_0)
FN:38,(anonymous_1)
FN:43,(anonymous_2)
FN:53,(anonymous_3)
FN:58,(anonymous_4)
FN:59,(anonymous_5)
FN:63,(anonymous_6)
FN:69,(anonymous_7)
FN:89,(anonymous_8)
FN:102,(anonymous_9)
FN:126,(anonymous_10)
FN:146,(anonymous_11)
FN:152,(anonymous_12)
FN:161,(anonymous_13)
FN:166,(anonymous_14)
FN:189,(anonymous_15)
FN:205,(anonymous_16)
FN:224,(anonymous_17)
FN:235,(anonymous_18)
FN:246,(anonymous_19)
FN:267,(anonymous_20)
FN:274,(anonymous_21)
FN:281,(anonymous_22)
FN:288,(anonymous_23)
FN:296,(anonymous_24)
FN:302,(anonymous_25)
FN:335,(anonymous_26)
FN:366,(anonymous_27)
FN:619,(anonymous_28)
FN:640,(anonymous_29)
FN:651,(anonymous_30)
FN:670,(anonymous_31)
FN:691,(anonymous_32)
FN:712,(anonymous_33)
FN:713,(anonymous_34)
FN:721,(anonymous_35)
FN:733,(anonymous_36)
FN:740,(anonymous_37)
FN:743,(anonymous_38)
FNF:39
FNH:31
FNDA:32,(anonymous_0)
FNDA:32,(anonymous_1)
FNDA:0,(anonymous_2)
FNDA:32,(anonymous_3)
FNDA:110,(anonymous_4)
FNDA:0,(anonymous_5)
FNDA:0,(anonymous_6)
FNDA:0,(anonymous_7)
FNDA:0,(anonymous_8)
FNDA:0,(anonymous_9)
FNDA:202,(anonymous_10)
FNDA:93,(anonymous_11)
FNDA:138,(anonymous_12)
FNDA:8,(anonymous_13)
FNDA:10,(anonymous_14)
FNDA:146,(anonymous_15)
FNDA:348,(anonymous_16)
FNDA:46,(anonymous_17)
FNDA:92,(anonymous_18)
FNDA:138,(anonymous_19)
FNDA:7,(anonymous_20)
FNDA:1,(anonymous_21)
FNDA:3,(anonymous_22)
FNDA:20,(anonymous_23)
FNDA:52,(anonymous_24)
FNDA:202,(anonymous_25)
FNDA:0,(anonymous_26)
FNDA:22,(anonymous_27)
FNDA:16,(anonymous_28)
FNDA:1,(anonymous_29)
FNDA:2,(anonymous_30)
FNDA:1,(anonymous_31)
FNDA:4,(anonymous_32)
FNDA:1,(anonymous_33)
FNDA:0,(anonymous_34)
FNDA:11,(anonymous_35)
FNDA:4,(anonymous_36)
FNDA:4,(anonymous_37)
FNDA:9,(anonymous_38)
DA:6,5
DA:10,32
DA:14,32
DA:15,32
DA:16,32
DA:17,32
DA:18,32
DA:19,32
DA:20,32
DA:21,32
DA:24,32
DA:27,32
DA:30,32
DA:33,32
DA:34,1
DA:39,32
DA:42,32
DA:43,32
DA:44,0
DA:45,0
DA:50,32
DA:55,32
DA:58,32
DA:59,110
DA:60,0
DA:63,110
DA:64,0
DA:70,0
DA:71,0
DA:73,0
DA:75,0
DA:78,0
DA:85,0
DA:93,0
DA:94,0
DA:95,0
DA:96,0
DA:97,0
DA:99,0
DA:101,0
DA:102,0
DA:104,0
DA:108,0
DA:109,0
DA:110,0
DA:112,0
DA:113,0
DA:114,0
DA:115,0
DA:117,0
DA:120,0
DA:122,0
DA:128,202
DA:129,202
DA:131,202
DA:132,186
DA:135,16
DA:137,16
DA:140,0
DA:147,93
DA:150,93
DA:152,93
DA:153,138
DA:155,138
DA:156,138
DA:159,138
DA:160,4
DA:161,8
DA:164,134
DA:165,6
DA:166,10
DA:170,128
DA:174,138
DA:175,46
DA:177,92
DA:181,138
DA:190,146
DA:193,146
DA:196,146
DA:197,28
DA:198,118
DA:199,0
DA:201,118
DA:206,348
DA:207,324
DA:211,24
DA:212,24
DA:214,24
DA:215,48
DA:216,24
DA:218,24
DA:221,0
DA:225,46
DA:226,46
DA:229,46
DA:230,46
DA:231,46
DA:236,92
DA:237,92
DA:240,92
DA:241,92
DA:242,92
DA:247,138
DA:250,138
DA:251,29
DA:255,138
DA:268,7
DA:275,1
DA:282,3
DA:289,20
DA:290,20
DA:297,52
DA:300,52
DA:302,52
DA:303,202
DA:305,202
DA:307,202
DA:308,0
DA:309,0
DA:310,0
DA:311,0
DA:313,0
DA:314,0
DA:315,0
DA:317,0
DA:318,0
DA:319,0
DA:320,0
DA:322,0
DA:327,202
DA:329,202
DA:330,25
DA:331,6
DA:332,19
DA:333,0
DA:334,19
DA:335,0
DA:336,0
DA:338,19
DA:340,13
DA:343,13
DA:344,0
DA:347,6
DA:351,177
DA:352,141
DA:360,52
DA:368,22
DA:370,22
DA:373,20
DA:375,20
DA:378,20
DA:379,11
DA:380,19
DA:381,9
DA:383,9
DA:387,9
DA:393,20
DA:394,20
DA:395,36
DA:398,36
DA:401,21
DA:402,0
DA:406,0
DA:410,21
DA:412,20
DA:413,4
DA:415,4
DA:419,4
DA:423,20
DA:424,0
DA:426,0
DA:430,0
DA:434,20
DA:435,2
DA:437,2
DA:441,2
DA:446,21
DA:448,1
DA:451,1
DA:452,1
DA:454,1
DA:458,1
DA:462,1
DA:463,0
DA:465,0
DA:469,0
DA:476,20
DA:477,2
DA:478,4
DA:479,4
DA:480,4
DA:483,4
DA:486,4
DA:488,1
DA:492,1
DA:496,4
DA:498,1
DA:502,1
DA:510,20
DA:511,3
DA:513,3
DA:514,5
DA:516,5
DA:517,5
DA:518,5
DA:521,5
DA:524,5
DA:526,2
DA:527,2
DA:531,3
DA:533,1
DA:534,1
DA:539,5
DA:540,2
DA:541,2
DA:545,3
DA:546,1
DA:549,1
DA:554,20
DA:555,4
DA:558,4
DA:559,4
DA:560,4
DA:562,4
DA:563,2
DA:564,2
DA:570,4
DA:573,4
DA:574,4
DA:575,4
DA:576,2
DA:580,2
DA:586,4
DA:587,4
DA:588,4
DA:591,4
DA:594,2
DA:596,0
DA:600,0
DA:607,20
DA:608,13
DA:611,20
DA:613,20
DA:620,16
DA:621,0
DA:624,16
DA:626,16
DA:627,2
DA:628,0
DA:629,2
DA:630,2
DA:634,14
DA:641,1
DA:642,0
DA:648,1
DA:651,1
DA:652,2
DA:654,2
DA:655,2
DA:658,2
DA:661,1
DA:671,1
DA:674,1
DA:675,1
DA:679,1
DA:682,1
DA:685,1
DA:693,4
DA:696,4
DA:697,1
DA:701,3
DA:704,3
DA:705,2
DA:713,1
DA:714,0
DA:722,11
DA:725,11
DA:726,8
DA:734,4
DA:741,4
DA:743,4
DA:744,9
DA:745,9
DA:747,9
DA:755,4
DA:759,5
LF:286
LH:224
BRDA:9,0,0,10
BRDA:10,1,0,1
BRDA:10,1,1,31
BRDA:15,2,0,32
BRDA:15,2,1,13
BRDA:16,3,0,32
BRDA:16,3,1,14
BRDA:21,4,0,32
BRDA:21,4,1,31
BRDA:33,5,0,1
BRDA:33,5,1,31
BRDA:39,6,0,0
BRDA:39,6,1,32
BRDA:42,7,0,32
BRDA:42,7,1,0
BRDA:73,8,0,0
BRDA:73,8,1,0
BRDA:93,9,0,0
BRDA:93,9,1,0
BRDA:95,10,0,0
BRDA:95,10,1,0
BRDA:96,11,0,0
BRDA:96,11,1,0
BRDA:101,12,0,0
BRDA:101,12,1,0
BRDA:101,13,0,0
BRDA:101,13,1,0
BRDA:108,14,0,0
BRDA:108,14,1,0
BRDA:114,15,0,0
BRDA:114,15,1,0
BRDA:131,16,0,186
BRDA:131,16,1,16
BRDA:135,17,0,16
BRDA:135,17,1,0
BRDA:137,18,0,0
BRDA:137,18,1,16
BRDA:147,19,0,0
BRDA:147,19,1,93
BRDA:155,20,0,138
BRDA:155,20,1,0
BRDA:159,21,0,4
BRDA:159,21,1,134
BRDA:164,22,0,6
BRDA:164,22,1,128
BRDA:174,23,0,46
BRDA:174,23,1,92
BRDA:196,24,0,28
BRDA:196,24,1,118
BRDA:198,25,0,0
BRDA:198,25,1,118
BRDA:206,26,0,324
BRDA:206,26,1,24
BRDA:215,27,0,24
BRDA:215,27,1,24
BRDA:215,28,0,48
BRDA:215,28,1,24
BRDA:230,29,0,46
BRDA:230,29,1,0
BRDA:241,30,0,92
BRDA:241,30,1,0
BRDA:247,31,0,0
BRDA:247,31,1,138
BRDA:250,32,0,29
BRDA:250,32,1,109
BRDA:256,33,0,46
BRDA:256,33,1,92
BRDA:297,34,0,0
BRDA:297,34,1,52
BRDA:305,35,0,202
BRDA:305,35,1,0
BRDA:307,36,0,0
BRDA:307,36,1,202
BRDA:307,37,0,202
BRDA:307,37,1,0
BRDA:309,38,0,0
BRDA:309,38,1,0
BRDA:314,39,0,0
BRDA:314,39,1,0
BRDA:314,40,0,0
BRDA:314,40,1,0
BRDA:317,41,0,0
BRDA:317,41,1,0
BRDA:319,42,0,0
BRDA:319,42,1,0
BRDA:322,43,0,0
BRDA:322,43,1,0
BRDA:329,44,0,25
BRDA:329,44,1,177
BRDA:330,45,0,6
BRDA:330,45,1,19
BRDA:332,46,0,0
BRDA:332,46,1,19
BRDA:334,47,0,0
BRDA:334,47,1,19
BRDA:334,48,0,19
BRDA:334,48,1,13
BRDA:334,48,2,0
BRDA:338,49,0,13
BRDA:338,49,1,6
BRDA:343,50,0,0
BRDA:343,50,1,13
BRDA:343,51,0,13
BRDA:343,51,1,0
BRDA:351,52,0,141
BRDA:351,52,1,36
BRDA:351,53,0,177
BRDA:351,53,1,141
BRDA:370,54,0,2
BRDA:370,54,1,20
BRDA:370,55,0,22
BRDA:370,55,1,20
BRDA:378,56,0,11
BRDA:378,56,1,9
BRDA:378,57,0,20
BRDA:378,57,1,11
BRDA:380,58,0,9
BRDA:380,58,1,10
BRDA:380,59,0,19
BRDA:380,59,1,10
BRDA:385,60,0,9
BRDA:385,60,1,8
BRDA:393,61,0,20
BRDA:393,61,1,0
BRDA:398,62,0,15
BRDA:398,62,1,21
BRDA:401,63,0,0
BRDA:401,63,1,21
BRDA:401,64,0,21
BRDA:401,64,1,20
BRDA:410,65,0,20
BRDA:410,65,1,1
BRDA:410,66,0,21
BRDA:410,66,1,20
BRDA:412,67,0,4
BRDA:412,67,1,16
BRDA:412,68,0,20
BRDA:412,68,1,7
BRDA:417,69,0,4
BRDA:417,69,1,3
BRDA:423,70,0,0
BRDA:423,70,1,20
BRDA:423,71,0,20
BRDA:423,71,1,0
BRDA:428,72,0,0
BRDA:428,72,1,0
BRDA:434,73,0,2
BRDA:434,73,1,18
BRDA:434,74,0,20
BRDA:434,74,1,2
BRDA:439,75,0,2
BRDA:439,75,1,2
BRDA:446,76,0,1
BRDA:446,76,1,20
BRDA:446,77,0,21
BRDA:446,77,1,21
BRDA:446,77,2,1
BRDA:446,77,3,0
BRDA:451,78,0,1
BRDA:451,78,1,0
BRDA:451,79,0,1
BRDA:451,79,1,1
BRDA:456,80,0,1
BRDA:456,80,1,1
BRDA:462,81,0,0
BRDA:462,81,1,1
BRDA:462,82,0,1
BRDA:462,82,1,0
BRDA:467,83,0,0
BRDA:467,83,1,0
BRDA:476,84,0,2
BRDA:476,84,1,18
BRDA:476,85,0,20
BRDA:476,85,1,2
BRDA:478,86,0,4
BRDA:478,86,1,0
BRDA:483,87,0,0
BRDA:483,87,1,4
BRDA:486,88,0,1
BRDA:486,88,1,3
BRDA:486,89,0,4
BRDA:486,89,1,2
BRDA:486,89,2,2
BRDA:496,90,0,1
BRDA:496,90,1,3
BRDA:496,91,0,4
BRDA:496,91,1,2
BRDA:496,91,2,2
BRDA:510,92,0,3
BRDA:510,92,1,17
BRDA:510,93,0,20
BRDA:510,93,1,3
BRDA:516,94,0,5
BRDA:516,94,1,0
BRDA:521,95,0,0
BRDA:521,95,1,5
BRDA:524,96,0,2
BRDA:524,96,1,3
BRDA:524,97,0,5
BRDA:524,97,1,3
BRDA:524,97,2,3
BRDA:531,98,0,1
BRDA:531,98,1,2
BRDA:531,99,0,3
BRDA:531,99,1,2
BRDA:531,99,2,2
BRDA:539,100,0,2
BRDA:539,100,1,3
BRDA:545,101,0,1
BRDA:545,101,1,2
BRDA:554,102,0,4
BRDA:554,102,1,16
BRDA:554,103,0,20
BRDA:554,103,1,4
BRDA:558,104,0,4
BRDA:558,104,1,0
BRDA:562,105,0,2
BRDA:562,105,1,2
BRDA:562,106,0,4
BRDA:562,106,1,4
BRDA:570,107,0,2
BRDA:570,107,1,2
BRDA:570,108,0,2
BRDA:570,108,1,0
BRDA:573,109,0,4
BRDA:573,109,1,0
BRDA:573,110,0,4
BRDA:573,110,1,4
BRDA:575,111,0,2
BRDA:575,111,1,2
BRDA:575,112,0,4
BRDA:575,112,1,2
BRDA:586,113,0,4
BRDA:586,113,1,0
BRDA:591,114,0,2
BRDA:591,114,1,2
BRDA:594,115,0,0
BRDA:594,115,1,2
BRDA:594,116,0,2
BRDA:594,116,1,2
BRDA:594,116,2,2
BRDA:607,117,0,13
BRDA:607,117,1,7
BRDA:620,118,0,0
BRDA:620,118,1,16
BRDA:620,119,0,16
BRDA:620,119,1,16
BRDA:620,119,2,16
BRDA:626,120,0,2
BRDA:626,120,1,14
BRDA:627,121,0,0
BRDA:627,121,1,2
BRDA:629,122,0,2
BRDA:629,122,1,0
BRDA:629,123,0,2
BRDA:629,123,1,2
BRDA:641,124,0,0
BRDA:641,124,1,1
BRDA:652,125,0,2
BRDA:652,125,1,0
BRDA:654,126,0,2
BRDA:654,126,1,0
BRDA:671,127,0,0
BRDA:671,127,1,1
BRDA:674,128,0,1
BRDA:674,128,1,0
BRDA:696,129,0,1
BRDA:696,129,1,3
BRDA:696,130,0,4
BRDA:696,130,1,2
BRDA:704,131,0,2
BRDA:704,131,1,1
BRDA:721,132,0,8
BRDA:725,133,0,8
BRDA:725,133,1,3
BRF:275
BRH:199
end_of_record
TN:
SF:src/template-generator/tests/runtime/test-environment.js
FN:9,(anonymous_0)
FN:26,(anonymous_1)
FN:41,(anonymous_2)
FN:71,(anonymous_3)
FN:87,(anonymous_4)
FN:100,(anonymous_5)
FNF:6
FNH:6
FNDA:10,(anonymous_0)
FNDA:10,(anonymous_1)
FNDA:46,(anonymous_2)
FNDA:16,(anonymous_3)
FNDA:16,(anonymous_4)
FNDA:48,(anonymous_5)
DA:1,10
DA:2,10
DA:3,10
DA:10,10
DA:11,10
DA:12,10
DA:15,10
DA:16,10
DA:17,10
DA:20,10
DA:27,10
DA:28,0
DA:31,10
DA:32,0
DA:42,46
DA:51,46
DA:52,46
DA:55,46
DA:56,46
DA:57,46
DA:58,46
DA:60,46
DA:72,16
DA:74,16
DA:75,16
DA:76,16
DA:78,0
DA:88,16
DA:90,16
DA:91,16
DA:93,0
DA:101,48
DA:102,46
DA:105,48
DA:106,48
DA:107,48
DA:110,48
DA:111,48
DA:112,48
DA:113,48
DA:117,10
LF:41
LH:37
BRDA:27,0,0,0
BRDA:27,0,1,10
BRDA:31,1,0,0
BRDA:31,1,1,10
BRDA:101,2,0,46
BRDA:101,2,1,2
BRF:6
BRH:4
end_of_record
TN:
SF:src/utils/logger.ts
FN:9,(anonymous_1)
FN:24,setDebugMode
FN:30,isDebugMode
FNF:3
FNH:1
FNDA:21,(anonymous_1)
FNDA:0,setDebugMode
FNDA:0,isDebugMode
DA:1,1
DA:4,1
DA:10,21
DA:22,1
DA:24,1
DA:25,0
DA:26,0
DA:27,0
DA:30,1
DA:31,0
DA:34,1
LF:11
LH:7
BRDA:5,0,0,1
BRDA:5,0,1,1
BRDA:26,1,0,0
BRDA:26,1,1,0
BRF:4
BRH:2
end_of_record
