TN:
SF:src/template-generator/lib/layout-spec/layout-apply.ts
FN:13,applyLayoutSpec
FNF:1
FNH:1
FNDA:13,applyLayoutSpec
DA:3,1
DA:13,1
DA:19,13
DA:21,13
DA:24,3
DA:28,10
DA:31,10
DA:32,9
DA:33,1
DA:35,1
DA:39,10
DA:40,3
DA:44,10
DA:46,2
DA:49,2
DA:50,4
DA:51,4
DA:56,2
DA:57,4
DA:58,0
DA:62,2
DA:66,10
DA:67,10
DA:68,11
DA:69,4
DA:80,10
DA:81,0
DA:84,10
LF:28
LH:26
BRDA:16,0,0,9
BRDA:24,1,0,3
BRDA:24,1,1,0
BRDA:31,2,0,9
BRDA:31,2,1,1
BRDA:33,3,0,1
BRDA:39,4,0,3
BRDA:44,5,0,2
BRDA:44,6,0,10
BRDA:44,6,1,10
BRDA:44,6,2,10
BRDA:50,7,0,4
BRDA:57,8,0,0
BRDA:66,9,0,10
BRDA:66,10,0,10
BRDA:66,10,1,10
BRDA:68,11,0,4
BRDA:68,12,0,11
BRDA:68,12,1,4
BRDA:80,13,0,0
BRDA:80,14,0,10
BRDA:80,14,1,0
BRDA:80,14,2,0
BRF:23
BRH:18
end_of_record
TN:
SF:src/template-generator/lib/layout-spec/layout-generator.ts
FN:11,generateLayoutSpec
FN:54,processLayoutOptions
FN:101,processConditionals
FN:102,(anonymous_3)
FN:116,(anonymous_4)
FN:133,determineLayoutType
FN:169,(anonymous_6)
FNF:7
FNH:6
FNDA:81,generateLayoutSpec
FNDA:3,processLayoutOptions
FNDA:3,processConditionals
FNDA:6,(anonymous_3)
FNDA:6,(anonymous_4)
FNDA:81,determineLayoutType
FNDA:0,(anonymous_6)
DA:11,1
DA:13,81
DA:19,81
DA:20,0
DA:24,81
DA:25,3
DA:29,81
DA:30,37
DA:31,56
DA:36,81
DA:37,1
DA:41,81
DA:42,3
DA:45,81
DA:56,3
DA:59,3
DA:60,3
DA:63,1
DA:64,0
DA:67,1
DA:68,0
DA:70,1
DA:75,1
DA:76,0
DA:78,1
DA:82,1
DA:83,0
DA:85,1
DA:86,0
DA:88,1
DA:92,3
DA:102,3
DA:103,6
DA:108,6
DA:110,3
DA:111,3
DA:113,3
DA:115,3
DA:116,3
DA:117,6
DA:122,6
DA:135,81
DA:136,7
DA:140,74
DA:141,35
DA:146,35
DA:147,1
DA:151,34
DA:152,5
DA:156,29
DA:157,5
DA:161,24
DA:162,2
DA:166,22
DA:168,0
DA:169,0
DA:171,0
DA:172,0
DA:174,0
DA:178,22
DA:179,1
DA:184,60
LF:62
LH:51
BRDA:11,0,0,16
BRDA:15,1,0,37
BRDA:15,1,1,44
BRDA:19,2,0,0
BRDA:24,3,0,3
BRDA:29,4,0,37
BRDA:36,5,0,1
BRDA:36,6,0,81
BRDA:36,6,1,1
BRDA:41,7,0,3
BRDA:41,8,0,81
BRDA:41,8,1,3
BRDA:41,8,2,3
BRDA:59,9,0,3
BRDA:60,10,0,1
BRDA:60,10,1,1
BRDA:60,10,2,1
BRDA:60,10,3,1
BRDA:63,11,0,0
BRDA:67,12,0,0
BRDA:75,13,0,0
BRDA:76,14,0,0
BRDA:76,14,1,0
BRDA:82,15,0,0
BRDA:85,16,0,0
BRDA:108,17,0,3
BRDA:108,17,1,3
BRDA:108,18,0,6
BRDA:108,18,1,5
BRDA:108,18,2,4
BRDA:110,19,0,3
BRDA:113,20,0,3
BRDA:113,21,0,3
BRDA:113,21,1,2
BRDA:113,21,2,1
BRDA:115,22,0,3
BRDA:133,23,0,0
BRDA:135,24,0,7
BRDA:140,25,0,35
BRDA:141,26,0,30
BRDA:141,26,1,5
BRDA:146,27,0,1
BRDA:147,28,0,0
BRDA:147,28,1,1
BRDA:151,29,0,5
BRDA:156,30,0,5
BRDA:161,31,0,2
BRDA:166,32,0,0
BRDA:168,33,0,0
BRDA:168,33,1,0
BRDA:171,34,0,0
BRDA:178,35,0,1
BRF:52
BRH:38
end_of_record
TN:
SF:src/template-generator/lib/layout-spec/layout-parser.ts
FN:9,parseLayoutSpec
FN:23,validateLayoutSpec
FN:96,isValidLayoutType
FN:106,validateLayoutOptions
FNF:4
FNH:4
FNDA:2,parseLayoutSpec
FNDA:46,validateLayoutSpec
FNDA:44,isValidLayoutType
FNDA:5,validateLayoutOptions
DA:9,2
DA:12,2
DA:23,2
DA:30,46
DA:31,2
DA:35,44
DA:37,42
DA:38,2
DA:42,40
DA:43,2
DA:47,38
DA:48,2
DA:52,36
DA:53,1
DA:58,37
DA:59,5
DA:63,36
DA:64,2
DA:65,4
DA:66,0
DA:72,36
DA:73,35
DA:75,63
DA:76,40
DA:80,23
DA:82,23
DA:83,23
DA:84,23
DA:97,44
DA:108,5
DA:109,0
DA:113,5
DA:114,2
DA:115,1
LF:34
LH:32
BRDA:26,0,0,10
BRDA:30,1,0,2
BRDA:30,2,0,46
BRDA:30,2,1,44
BRDA:35,3,0,42
BRDA:37,4,0,2
BRDA:37,5,0,42
BRDA:37,5,1,7
BRDA:42,6,0,2
BRDA:42,7,0,40
BRDA:42,7,1,2
BRDA:47,8,0,2
BRDA:47,9,0,38
BRDA:47,9,1,5
BRDA:52,10,0,1
BRDA:52,11,0,36
BRDA:52,11,1,5
BRDA:58,12,0,5
BRDA:63,13,0,2
BRDA:63,14,0,36
BRDA:63,14,1,2
BRDA:65,15,0,0
BRDA:72,16,0,35
BRDA:75,17,0,40
BRDA:80,18,0,23
BRDA:83,19,0,23
BRDA:83,20,0,23
BRDA:83,20,1,23
BRDA:108,21,0,0
BRDA:108,22,0,5
BRDA:108,22,1,3
BRDA:113,23,0,2
BRDA:113,24,0,5
BRDA:113,24,1,3
BRDA:114,25,0,1
BRDA:114,26,0,2
BRDA:114,26,1,2
BRF:37
BRH:35
end_of_record
TN:
SF:src/template-generator/tests/runtime/test-environment.js
FN:9,(anonymous_0)
FN:26,(anonymous_1)
FN:41,(anonymous_2)
FN:71,(anonymous_3)
FN:87,(anonymous_4)
FN:100,(anonymous_5)
FNF:6
FNH:6
FNDA:1,(anonymous_0)
FNDA:1,(anonymous_1)
FNDA:7,(anonymous_2)
FNDA:7,(anonymous_3)
FNDA:7,(anonymous_4)
FNDA:7,(anonymous_5)
DA:1,1
DA:2,1
DA:3,1
DA:10,1
DA:11,1
DA:12,1
DA:15,1
DA:16,1
DA:17,1
DA:20,1
DA:27,1
DA:28,0
DA:31,1
DA:32,0
DA:42,7
DA:51,7
DA:52,7
DA:55,7
DA:56,7
DA:57,7
DA:58,7
DA:60,7
DA:72,7
DA:74,7
DA:75,7
DA:76,7
DA:78,0
DA:88,7
DA:90,7
DA:91,7
DA:93,0
DA:101,7
DA:102,7
DA:105,7
DA:106,7
DA:107,7
DA:110,7
DA:111,7
DA:112,7
DA:113,7
DA:117,1
LF:41
LH:37
BRDA:27,0,0,0
BRDA:27,0,1,1
BRDA:31,1,0,0
BRDA:31,1,1,1
BRDA:101,2,0,7
BRDA:101,2,1,0
BRF:6
BRH:3
end_of_record
